<?xml version="1.0" encoding="UTF-8"?>
<testsuite xmlns:xsi="http://www.w3.org/2001/XMLSchema-instance" xsi:noNamespaceSchemaLocation="https://maven.apache.org/surefire/maven-surefire-plugin/xsd/surefire-test-report-3.0.xsd" version="3.0" name="TestSuite" time="87.387" tests="5" errors="0" skipped="0" failures="1">
  <properties>
    <property name="sun.desktop" value="windows"/>
    <property name="awt.toolkit" value="sun.awt.windows.WToolkit"/>
    <property name="file.encoding.pkg" value="sun.io"/>
    <property name="java.specification.version" value="1.8"/>
    <property name="sun.cpu.isalist" value="amd64"/>
    <property name="sun.jnu.encoding" value="Cp1252"/>
    <property name="java.class.path" value="D:\CMS COMPUTERS\CMS Selenium Projects\FreeCRM\target\test-classes;D:\CMS COMPUTERS\CMS Selenium Projects\FreeCRM\target\classes;C:\Users\ASUS\.m2\repository\org\seleniumhq\selenium\selenium-chrome-driver\3.14.0\selenium-chrome-driver-3.14.0.jar;C:\Users\ASUS\.m2\repository\org\seleniumhq\selenium\selenium-api\3.14.0\selenium-api-3.14.0.jar;C:\Users\ASUS\.m2\repository\org\seleniumhq\selenium\selenium-remote-driver\3.14.0\selenium-remote-driver-3.14.0.jar;C:\Users\ASUS\.m2\repository\net\bytebuddy\byte-buddy\1.8.15\byte-buddy-1.8.15.jar;C:\Users\ASUS\.m2\repository\org\apache\commons\commons-exec\1.3\commons-exec-1.3.jar;C:\Users\ASUS\.m2\repository\commons-codec\commons-codec\1.10\commons-codec-1.10.jar;C:\Users\ASUS\.m2\repository\commons-logging\commons-logging\1.2\commons-logging-1.2.jar;C:\Users\ASUS\.m2\repository\com\google\guava\guava\25.0-jre\guava-25.0-jre.jar;C:\Users\ASUS\.m2\repository\com\google\code\findbugs\jsr305\1.3.9\jsr305-1.3.9.jar;C:\Users\ASUS\.m2\repository\org\checkerframework\checker-compat-qual\2.0.0\checker-compat-qual-2.0.0.jar;C:\Users\ASUS\.m2\repository\com\google\errorprone\error_prone_annotations\2.1.3\error_prone_annotations-2.1.3.jar;C:\Users\ASUS\.m2\repository\com\google\j2objc\j2objc-annotations\1.1\j2objc-annotations-1.1.jar;C:\Users\ASUS\.m2\repository\org\codehaus\mojo\animal-sniffer-annotations\1.14\animal-sniffer-annotations-1.14.jar;C:\Users\ASUS\.m2\repository\org\apache\httpcomponents\httpclient\4.5.5\httpclient-4.5.5.jar;C:\Users\ASUS\.m2\repository\org\apache\httpcomponents\httpcore\4.4.9\httpcore-4.4.9.jar;C:\Users\ASUS\.m2\repository\com\squareup\okhttp3\okhttp\3.10.0\okhttp-3.10.0.jar;C:\Users\ASUS\.m2\repository\com\squareup\okio\okio\1.14.1\okio-1.14.1.jar;C:\Users\ASUS\.m2\repository\org\seleniumhq\selenium\selenium-java\3.14.0\selenium-java-3.14.0.jar;C:\Users\ASUS\.m2\repository\org\seleniumhq\selenium\selenium-edge-driver\3.14.0\selenium-edge-driver-3.14.0.jar;C:\Users\ASUS\.m2\repository\org\seleniumhq\selenium\selenium-firefox-driver\3.14.0\selenium-firefox-driver-3.14.0.jar;C:\Users\ASUS\.m2\repository\org\seleniumhq\selenium\selenium-ie-driver\3.14.0\selenium-ie-driver-3.14.0.jar;C:\Users\ASUS\.m2\repository\org\seleniumhq\selenium\selenium-opera-driver\3.14.0\selenium-opera-driver-3.14.0.jar;C:\Users\ASUS\.m2\repository\org\seleniumhq\selenium\selenium-safari-driver\3.14.0\selenium-safari-driver-3.14.0.jar;C:\Users\ASUS\.m2\repository\org\seleniumhq\selenium\selenium-support\3.14.0\selenium-support-3.14.0.jar;C:\Users\ASUS\.m2\repository\org\testng\testng\6.9.8\testng-6.9.8.jar;C:\Users\ASUS\.m2\repository\org\beanshell\bsh\2.0b4\bsh-2.0b4.jar;C:\Users\ASUS\.m2\repository\com\beust\jcommander\1.48\jcommander-1.48.jar;C:\Users\ASUS\.m2\repository\com\relevantcodes\extentreports\2.41.2\extentreports-2.41.2.jar;C:\Users\ASUS\.m2\repository\org\jsoup\jsoup\1.8.3\jsoup-1.8.3.jar;C:\Users\ASUS\.m2\repository\org\xerial\sqlite-jdbc\3.8.11.1\sqlite-jdbc-3.8.11.1.jar;C:\Users\ASUS\.m2\repository\org\freemarker\freemarker\2.3.23\freemarker-2.3.23.jar;C:\Users\ASUS\.m2\repository\org\mongodb\mongodb-driver\3.0.4\mongodb-driver-3.0.4.jar;C:\Users\ASUS\.m2\repository\org\mongodb\bson\3.0.4\bson-3.0.4.jar;C:\Users\ASUS\.m2\repository\org\mongodb\mongodb-driver-core\3.0.4\mongodb-driver-core-3.0.4.jar;C:\Users\ASUS\.m2\repository\org\webjars\npm\content-security-policy-builder\2.0.0\content-security-policy-builder-2.0.0.jar;C:\Users\ASUS\.m2\repository\org\xhtmlrenderer\flying-saucer-pdf\9.1.20\flying-saucer-pdf-9.1.20.jar;C:\Users\ASUS\.m2\repository\com\lowagie\itext\2.1.7\itext-2.1.7.jar;C:\Users\ASUS\.m2\repository\org\bouncycastle\bcmail-jdk14\1.64\bcmail-jdk14-1.64.jar;C:\Users\ASUS\.m2\repository\org\bouncycastle\bcpkix-jdk14\1.64\bcpkix-jdk14-1.64.jar;C:\Users\ASUS\.m2\repository\org\bouncycastle\bctsp-jdk14\1.46\bctsp-jdk14-1.46.jar;C:\Users\ASUS\.m2\repository\org\bouncycastle\bcprov-jdk14\1.64\bcprov-jdk14-1.64.jar;C:\Users\ASUS\.m2\repository\org\xhtmlrenderer\flying-saucer-core\9.1.20\flying-saucer-core-9.1.20.jar;C:\Users\ASUS\.m2\repository\com\itextpdf\itextpdf\5.5.13.1\itextpdf-5.5.13.1.jar;C:\Users\ASUS\.m2\repository\com\itextpdf\tool\xmlworker\5.4.1\xmlworker-5.4.1.jar;C:\Users\ASUS\.m2\repository\com\pdfcrowd\pdfcrowd\4.12.0\pdfcrowd-4.12.0.jar;C:\Users\ASUS\.m2\repository\com\itextpdf\html2pdf\3.0.0\html2pdf-3.0.0.jar;C:\Users\ASUS\.m2\repository\com\itextpdf\forms\7.1.11\forms-7.1.11.jar;C:\Users\ASUS\.m2\repository\com\itextpdf\kernel\7.1.11\kernel-7.1.11.jar;C:\Users\ASUS\.m2\repository\com\itextpdf\io\7.1.11\io-7.1.11.jar;C:\Users\ASUS\.m2\repository\org\bouncycastle\bcpkix-jdk15on\1.64\bcpkix-jdk15on-1.64.jar;C:\Users\ASUS\.m2\repository\org\bouncycastle\bcprov-jdk15on\1.64\bcprov-jdk15on-1.64.jar;C:\Users\ASUS\.m2\repository\com\itextpdf\layout\7.1.11\layout-7.1.11.jar;C:\Users\ASUS\.m2\repository\com\itextpdf\svg\7.1.11\svg-7.1.11.jar;C:\Users\ASUS\.m2\repository\com\itextpdf\styled-xml-parser\7.1.11\styled-xml-parser-7.1.11.jar;C:\Users\ASUS\.m2\repository\org\slf4j\slf4j-api\1.7.13\slf4j-api-1.7.13.jar;C:\Users\ASUS\.m2\repository\org\apache\commons\commons-collections4\4.1\commons-collections4-4.1.jar;C:\Users\ASUS\.m2\repository\org\apache\poi\poi\3.17\poi-3.17.jar;C:\Users\ASUS\.m2\repository\org\apache\poi\poi-ooxml\3.17\poi-ooxml-3.17.jar;C:\Users\ASUS\.m2\repository\com\github\virtuald\curvesapi\1.04\curvesapi-1.04.jar;C:\Users\ASUS\.m2\repository\org\apache\poi\poi-ooxml-schemas\3.17\poi-ooxml-schemas-3.17.jar;C:\Users\ASUS\.m2\repository\org\apache\xmlbeans\xmlbeans\2.6.0\xmlbeans-2.6.0.jar;C:\Users\ASUS\.m2\repository\stax\stax-api\1.0.1\stax-api-1.0.1.jar;C:\Users\ASUS\.m2\repository\io\github\bonigarcia\webdrivermanager\4.1.0\webdrivermanager-4.1.0.jar;C:\Users\ASUS\.m2\repository\commons-io\commons-io\2.7\commons-io-2.7.jar;C:\Users\ASUS\.m2\repository\com\google\code\gson\gson\2.8.6\gson-2.8.6.jar;C:\Users\ASUS\.m2\repository\org\apache\commons\commons-lang3\3.10\commons-lang3-3.10.jar;C:\Users\ASUS\.m2\repository\org\apache\httpcomponents\client5\httpclient5\5.0.1\httpclient5-5.0.1.jar;C:\Users\ASUS\.m2\repository\org\apache\httpcomponents\core5\httpcore5\5.0.1\httpcore5-5.0.1.jar;C:\Users\ASUS\.m2\repository\org\apache\httpcomponents\core5\httpcore5-h2\5.0.1\httpcore5-h2-5.0.1.jar;C:\Users\ASUS\.m2\repository\org\rauschig\jarchivelib\1.0.0\jarchivelib-1.0.0.jar;C:\Users\ASUS\.m2\repository\org\apache\commons\commons-compress\1.18\commons-compress-1.18.jar;C:\Users\ASUS\.m2\repository\com\offbytwo\jenkins\jenkins-client\0.3.8\jenkins-client-0.3.8.jar;C:\Users\ASUS\.m2\repository\dom4j\dom4j\1.6.1\dom4j-1.6.1.jar;C:\Users\ASUS\.m2\repository\net\sf\json-lib\json-lib\2.4\json-lib-2.4-jdk15.jar;C:\Users\ASUS\.m2\repository\commons-beanutils\commons-beanutils\1.8.0\commons-beanutils-1.8.0.jar;C:\Users\ASUS\.m2\repository\commons-collections\commons-collections\3.2.1\commons-collections-3.2.1.jar;C:\Users\ASUS\.m2\repository\net\sf\ezmorph\ezmorph\1.0.6\ezmorph-1.0.6.jar;C:\Users\ASUS\.m2\repository\commons-lang\commons-lang\2.6\commons-lang-2.6.jar;C:\Users\ASUS\.m2\repository\org\apache\httpcomponents\httpmime\4.3.6\httpmime-4.3.6.jar;C:\Users\ASUS\.m2\repository\jaxen\jaxen\1.1.6\jaxen-1.1.6.jar;C:\Users\ASUS\.m2\repository\xml-apis\xml-apis\1.4.01\xml-apis-1.4.01.jar;C:\Users\ASUS\.m2\repository\com\fasterxml\jackson\core\jackson-databind\2.11.0\jackson-databind-2.11.0.jar;C:\Users\ASUS\.m2\repository\com\fasterxml\jackson\core\jackson-core\2.11.0\jackson-core-2.11.0.jar;C:\Users\ASUS\.m2\repository\com\fasterxml\jackson\core\jackson-annotations\2.11.0\jackson-annotations-2.11.0.jar;C:\Users\ASUS\.m2\repository\org\postgresql\postgresql\42.2.16\postgresql-42.2.16.jar;C:\Users\ASUS\.m2\repository\org\checkerframework\checker-qual\3.5.0\checker-qual-3.5.0.jar;C:\Users\ASUS\.m2\repository\org\owasp\java-file-io\1.0.0\java-file-io-1.0.0.jar;C:\Users\ASUS\.m2\repository\net\incongru\watchservice\barbary-watchservice\1.0\barbary-watchservice-1.0.jar;C:\Users\ASUS\.m2\repository\net\java\dev\jna\jna\3.2.2\jna-3.2.2.jar;C:\Users\ASUS\.m2\repository\log4j\log4j\1.2.17\log4j-1.2.17.jar;C:\Users\ASUS\.m2\repository\com\browserstack\browserstack-local-java\1.0.6\browserstack-local-java-1.0.6.jar;C:\Users\ASUS\.m2\repository\org\json\json\20090211\json-20090211.jar;C:\Users\ASUS\.m2\repository\com\googlecode\json-simple\json-simple\1.1.1\json-simple-1.1.1.jar;C:\Users\ASUS\.m2\repository\junit\junit\4.10\junit-4.10.jar;C:\Users\ASUS\.m2\repository\org\hamcrest\hamcrest-core\1.1\hamcrest-core-1.1.jar;"/>
    <property name="java.vm.vendor" value="Oracle Corporation"/>
    <property name="sun.arch.data.model" value="64"/>
    <property name="user.variant" value=""/>
    <property name="java.vendor.url" value="http://java.oracle.com/"/>
    <property name="user.timezone" value="Asia/Calcutta"/>
    <property name="java.vm.specification.version" value="1.8"/>
    <property name="os.name" value="Windows 10"/>
    <property name="user.country" value="IN"/>
    <property name="sun.java.launcher" value="SUN_STANDARD"/>
    <property name="sun.boot.library.path" value="C:\Program Files\Java\jdk1.8.0_251\jre\bin"/>
    <property name="sun.java.command" value="C:\Users\ASUS\AppData\Local\Temp\surefire1027006308800470505\surefirebooter4144163808098382704.jar C:\Users\ASUS\AppData\Local\Temp\surefire1027006308800470505 2020-11-04T16-59-39_232-jvmRun1 surefire2585642903221908790tmp surefire_07083282469240964078tmp"/>
    <property name="surefire.test.class.path" value="D:\CMS COMPUTERS\CMS Selenium Projects\FreeCRM\target\test-classes;D:\CMS COMPUTERS\CMS Selenium Projects\FreeCRM\target\classes;C:\Users\ASUS\.m2\repository\org\seleniumhq\selenium\selenium-chrome-driver\3.14.0\selenium-chrome-driver-3.14.0.jar;C:\Users\ASUS\.m2\repository\org\seleniumhq\selenium\selenium-api\3.14.0\selenium-api-3.14.0.jar;C:\Users\ASUS\.m2\repository\org\seleniumhq\selenium\selenium-remote-driver\3.14.0\selenium-remote-driver-3.14.0.jar;C:\Users\ASUS\.m2\repository\net\bytebuddy\byte-buddy\1.8.15\byte-buddy-1.8.15.jar;C:\Users\ASUS\.m2\repository\org\apache\commons\commons-exec\1.3\commons-exec-1.3.jar;C:\Users\ASUS\.m2\repository\commons-codec\commons-codec\1.10\commons-codec-1.10.jar;C:\Users\ASUS\.m2\repository\commons-logging\commons-logging\1.2\commons-logging-1.2.jar;C:\Users\ASUS\.m2\repository\com\google\guava\guava\25.0-jre\guava-25.0-jre.jar;C:\Users\ASUS\.m2\repository\com\google\code\findbugs\jsr305\1.3.9\jsr305-1.3.9.jar;C:\Users\ASUS\.m2\repository\org\checkerframework\checker-compat-qual\2.0.0\checker-compat-qual-2.0.0.jar;C:\Users\ASUS\.m2\repository\com\google\errorprone\error_prone_annotations\2.1.3\error_prone_annotations-2.1.3.jar;C:\Users\ASUS\.m2\repository\com\google\j2objc\j2objc-annotations\1.1\j2objc-annotations-1.1.jar;C:\Users\ASUS\.m2\repository\org\codehaus\mojo\animal-sniffer-annotations\1.14\animal-sniffer-annotations-1.14.jar;C:\Users\ASUS\.m2\repository\org\apache\httpcomponents\httpclient\4.5.5\httpclient-4.5.5.jar;C:\Users\ASUS\.m2\repository\org\apache\httpcomponents\httpcore\4.4.9\httpcore-4.4.9.jar;C:\Users\ASUS\.m2\repository\com\squareup\okhttp3\okhttp\3.10.0\okhttp-3.10.0.jar;C:\Users\ASUS\.m2\repository\com\squareup\okio\okio\1.14.1\okio-1.14.1.jar;C:\Users\ASUS\.m2\repository\org\seleniumhq\selenium\selenium-java\3.14.0\selenium-java-3.14.0.jar;C:\Users\ASUS\.m2\repository\org\seleniumhq\selenium\selenium-edge-driver\3.14.0\selenium-edge-driver-3.14.0.jar;C:\Users\ASUS\.m2\repository\org\seleniumhq\selenium\selenium-firefox-driver\3.14.0\selenium-firefox-driver-3.14.0.jar;C:\Users\ASUS\.m2\repository\org\seleniumhq\selenium\selenium-ie-driver\3.14.0\selenium-ie-driver-3.14.0.jar;C:\Users\ASUS\.m2\repository\org\seleniumhq\selenium\selenium-opera-driver\3.14.0\selenium-opera-driver-3.14.0.jar;C:\Users\ASUS\.m2\repository\org\seleniumhq\selenium\selenium-safari-driver\3.14.0\selenium-safari-driver-3.14.0.jar;C:\Users\ASUS\.m2\repository\org\seleniumhq\selenium\selenium-support\3.14.0\selenium-support-3.14.0.jar;C:\Users\ASUS\.m2\repository\org\testng\testng\6.9.8\testng-6.9.8.jar;C:\Users\ASUS\.m2\repository\org\beanshell\bsh\2.0b4\bsh-2.0b4.jar;C:\Users\ASUS\.m2\repository\com\beust\jcommander\1.48\jcommander-1.48.jar;C:\Users\ASUS\.m2\repository\com\relevantcodes\extentreports\2.41.2\extentreports-2.41.2.jar;C:\Users\ASUS\.m2\repository\org\jsoup\jsoup\1.8.3\jsoup-1.8.3.jar;C:\Users\ASUS\.m2\repository\org\xerial\sqlite-jdbc\3.8.11.1\sqlite-jdbc-3.8.11.1.jar;C:\Users\ASUS\.m2\repository\org\freemarker\freemarker\2.3.23\freemarker-2.3.23.jar;C:\Users\ASUS\.m2\repository\org\mongodb\mongodb-driver\3.0.4\mongodb-driver-3.0.4.jar;C:\Users\ASUS\.m2\repository\org\mongodb\bson\3.0.4\bson-3.0.4.jar;C:\Users\ASUS\.m2\repository\org\mongodb\mongodb-driver-core\3.0.4\mongodb-driver-core-3.0.4.jar;C:\Users\ASUS\.m2\repository\org\webjars\npm\content-security-policy-builder\2.0.0\content-security-policy-builder-2.0.0.jar;C:\Users\ASUS\.m2\repository\org\xhtmlrenderer\flying-saucer-pdf\9.1.20\flying-saucer-pdf-9.1.20.jar;C:\Users\ASUS\.m2\repository\com\lowagie\itext\2.1.7\itext-2.1.7.jar;C:\Users\ASUS\.m2\repository\org\bouncycastle\bcmail-jdk14\1.64\bcmail-jdk14-1.64.jar;C:\Users\ASUS\.m2\repository\org\bouncycastle\bcpkix-jdk14\1.64\bcpkix-jdk14-1.64.jar;C:\Users\ASUS\.m2\repository\org\bouncycastle\bctsp-jdk14\1.46\bctsp-jdk14-1.46.jar;C:\Users\ASUS\.m2\repository\org\bouncycastle\bcprov-jdk14\1.64\bcprov-jdk14-1.64.jar;C:\Users\ASUS\.m2\repository\org\xhtmlrenderer\flying-saucer-core\9.1.20\flying-saucer-core-9.1.20.jar;C:\Users\ASUS\.m2\repository\com\itextpdf\itextpdf\5.5.13.1\itextpdf-5.5.13.1.jar;C:\Users\ASUS\.m2\repository\com\itextpdf\tool\xmlworker\5.4.1\xmlworker-5.4.1.jar;C:\Users\ASUS\.m2\repository\com\pdfcrowd\pdfcrowd\4.12.0\pdfcrowd-4.12.0.jar;C:\Users\ASUS\.m2\repository\com\itextpdf\html2pdf\3.0.0\html2pdf-3.0.0.jar;C:\Users\ASUS\.m2\repository\com\itextpdf\forms\7.1.11\forms-7.1.11.jar;C:\Users\ASUS\.m2\repository\com\itextpdf\kernel\7.1.11\kernel-7.1.11.jar;C:\Users\ASUS\.m2\repository\com\itextpdf\io\7.1.11\io-7.1.11.jar;C:\Users\ASUS\.m2\repository\org\bouncycastle\bcpkix-jdk15on\1.64\bcpkix-jdk15on-1.64.jar;C:\Users\ASUS\.m2\repository\org\bouncycastle\bcprov-jdk15on\1.64\bcprov-jdk15on-1.64.jar;C:\Users\ASUS\.m2\repository\com\itextpdf\layout\7.1.11\layout-7.1.11.jar;C:\Users\ASUS\.m2\repository\com\itextpdf\svg\7.1.11\svg-7.1.11.jar;C:\Users\ASUS\.m2\repository\com\itextpdf\styled-xml-parser\7.1.11\styled-xml-parser-7.1.11.jar;C:\Users\ASUS\.m2\repository\org\slf4j\slf4j-api\1.7.13\slf4j-api-1.7.13.jar;C:\Users\ASUS\.m2\repository\org\apache\commons\commons-collections4\4.1\commons-collections4-4.1.jar;C:\Users\ASUS\.m2\repository\org\apache\poi\poi\3.17\poi-3.17.jar;C:\Users\ASUS\.m2\repository\org\apache\poi\poi-ooxml\3.17\poi-ooxml-3.17.jar;C:\Users\ASUS\.m2\repository\com\github\virtuald\curvesapi\1.04\curvesapi-1.04.jar;C:\Users\ASUS\.m2\repository\org\apache\poi\poi-ooxml-schemas\3.17\poi-ooxml-schemas-3.17.jar;C:\Users\ASUS\.m2\repository\org\apache\xmlbeans\xmlbeans\2.6.0\xmlbeans-2.6.0.jar;C:\Users\ASUS\.m2\repository\stax\stax-api\1.0.1\stax-api-1.0.1.jar;C:\Users\ASUS\.m2\repository\io\github\bonigarcia\webdrivermanager\4.1.0\webdrivermanager-4.1.0.jar;C:\Users\ASUS\.m2\repository\commons-io\commons-io\2.7\commons-io-2.7.jar;C:\Users\ASUS\.m2\repository\com\google\code\gson\gson\2.8.6\gson-2.8.6.jar;C:\Users\ASUS\.m2\repository\org\apache\commons\commons-lang3\3.10\commons-lang3-3.10.jar;C:\Users\ASUS\.m2\repository\org\apache\httpcomponents\client5\httpclient5\5.0.1\httpclient5-5.0.1.jar;C:\Users\ASUS\.m2\repository\org\apache\httpcomponents\core5\httpcore5\5.0.1\httpcore5-5.0.1.jar;C:\Users\ASUS\.m2\repository\org\apache\httpcomponents\core5\httpcore5-h2\5.0.1\httpcore5-h2-5.0.1.jar;C:\Users\ASUS\.m2\repository\org\rauschig\jarchivelib\1.0.0\jarchivelib-1.0.0.jar;C:\Users\ASUS\.m2\repository\org\apache\commons\commons-compress\1.18\commons-compress-1.18.jar;C:\Users\ASUS\.m2\repository\com\offbytwo\jenkins\jenkins-client\0.3.8\jenkins-client-0.3.8.jar;C:\Users\ASUS\.m2\repository\dom4j\dom4j\1.6.1\dom4j-1.6.1.jar;C:\Users\ASUS\.m2\repository\net\sf\json-lib\json-lib\2.4\json-lib-2.4-jdk15.jar;C:\Users\ASUS\.m2\repository\commons-beanutils\commons-beanutils\1.8.0\commons-beanutils-1.8.0.jar;C:\Users\ASUS\.m2\repository\commons-collections\commons-collections\3.2.1\commons-collections-3.2.1.jar;C:\Users\ASUS\.m2\repository\net\sf\ezmorph\ezmorph\1.0.6\ezmorph-1.0.6.jar;C:\Users\ASUS\.m2\repository\commons-lang\commons-lang\2.6\commons-lang-2.6.jar;C:\Users\ASUS\.m2\repository\org\apache\httpcomponents\httpmime\4.3.6\httpmime-4.3.6.jar;C:\Users\ASUS\.m2\repository\jaxen\jaxen\1.1.6\jaxen-1.1.6.jar;C:\Users\ASUS\.m2\repository\xml-apis\xml-apis\1.4.01\xml-apis-1.4.01.jar;C:\Users\ASUS\.m2\repository\com\fasterxml\jackson\core\jackson-databind\2.11.0\jackson-databind-2.11.0.jar;C:\Users\ASUS\.m2\repository\com\fasterxml\jackson\core\jackson-core\2.11.0\jackson-core-2.11.0.jar;C:\Users\ASUS\.m2\repository\com\fasterxml\jackson\core\jackson-annotations\2.11.0\jackson-annotations-2.11.0.jar;C:\Users\ASUS\.m2\repository\org\postgresql\postgresql\42.2.16\postgresql-42.2.16.jar;C:\Users\ASUS\.m2\repository\org\checkerframework\checker-qual\3.5.0\checker-qual-3.5.0.jar;C:\Users\ASUS\.m2\repository\org\owasp\java-file-io\1.0.0\java-file-io-1.0.0.jar;C:\Users\ASUS\.m2\repository\net\incongru\watchservice\barbary-watchservice\1.0\barbary-watchservice-1.0.jar;C:\Users\ASUS\.m2\repository\net\java\dev\jna\jna\3.2.2\jna-3.2.2.jar;C:\Users\ASUS\.m2\repository\log4j\log4j\1.2.17\log4j-1.2.17.jar;C:\Users\ASUS\.m2\repository\com\browserstack\browserstack-local-java\1.0.6\browserstack-local-java-1.0.6.jar;C:\Users\ASUS\.m2\repository\org\json\json\20090211\json-20090211.jar;C:\Users\ASUS\.m2\repository\com\googlecode\json-simple\json-simple\1.1.1\json-simple-1.1.1.jar;C:\Users\ASUS\.m2\repository\junit\junit\4.10\junit-4.10.jar;C:\Users\ASUS\.m2\repository\org\hamcrest\hamcrest-core\1.1\hamcrest-core-1.1.jar;"/>
    <property name="sun.cpu.endian" value="little"/>
    <property name="user.home" value="C:\Users\ASUS"/>
    <property name="user.language" value="en"/>
    <property name="java.specification.vendor" value="Oracle Corporation"/>
    <property name="java.home" value="C:\Program Files\Java\jdk1.8.0_251\jre"/>
    <property name="basedir" value="D:\CMS COMPUTERS\CMS Selenium Projects\FreeCRM"/>
    <property name="file.separator" value="\"/>
    <property name="line.separator" value="&#10;"/>
    <property name="java.vm.specification.vendor" value="Oracle Corporation"/>
    <property name="java.specification.name" value="Java Platform API Specification"/>
    <property name="java.awt.graphicsenv" value="sun.awt.Win32GraphicsEnvironment"/>
    <property name="surefire.real.class.path" value="C:\Users\ASUS\AppData\Local\Temp\surefire1027006308800470505\surefirebooter4144163808098382704.jar"/>
    <property name="sun.boot.class.path" value="C:\Program Files\Java\jdk1.8.0_251\jre\lib\resources.jar;C:\Program Files\Java\jdk1.8.0_251\jre\lib\rt.jar;C:\Program Files\Java\jdk1.8.0_251\jre\lib\sunrsasign.jar;C:\Program Files\Java\jdk1.8.0_251\jre\lib\jsse.jar;C:\Program Files\Java\jdk1.8.0_251\jre\lib\jce.jar;C:\Program Files\Java\jdk1.8.0_251\jre\lib\charsets.jar;C:\Program Files\Java\jdk1.8.0_251\jre\lib\jfr.jar;C:\Program Files\Java\jdk1.8.0_251\jre\classes"/>
    <property name="user.script" value=""/>
    <property name="sun.management.compiler" value="HotSpot 64-Bit Tiered Compilers"/>
    <property name="java.runtime.version" value="1.8.0_251-b08"/>
    <property name="user.name" value="ASUS"/>
    <property name="path.separator" value=";"/>
    <property name="os.version" value="10.0"/>
    <property name="java.endorsed.dirs" value="C:\Program Files\Java\jdk1.8.0_251\jre\lib\endorsed"/>
    <property name="java.runtime.name" value="Java(TM) SE Runtime Environment"/>
    <property name="file.encoding" value="Cp1252"/>
    <property name="java.vm.name" value="Java HotSpot(TM) 64-Bit Server VM"/>
    <property name="localRepository" value="C:\Users\ASUS\.m2\repository"/>
    <property name="java.vendor.url.bug" value="http://bugreport.sun.com/bugreport/"/>
    <property name="java.io.tmpdir" value="C:\Users\ASUS\AppData\Local\Temp\"/>
    <property name="java.version" value="1.8.0_251"/>
    <property name="user.dir" value="D:\CMS COMPUTERS\CMS Selenium Projects\FreeCRM"/>
    <property name="os.arch" value="amd64"/>
    <property name="java.vm.specification.name" value="Java Virtual Machine Specification"/>
    <property name="java.awt.printerjob" value="sun.awt.windows.WPrinterJob"/>
    <property name="sun.os.patch.level" value=""/>
    <property name="java.library.path" value="C:\Program Files\Java\jdk1.8.0_251\jre\bin;C:\WINDOWS\Sun\Java\bin;C:\WINDOWS\system32;C:\WINDOWS;C:/Program Files/Java/j/bin/server;C:/Program Files/Java/j/bin;C:/Program Files/Java/j/lib/amd64;C:\Python39\Scripts\;C:\Python39\;C:\Program Files (x86)\Common Files\Oracle\Java\javapath;C:\Program Files (x86)\Intel\Intel(R) Management Engine Components\iCLS\;C:\Program Files\Intel\Intel(R) Management Engine Components\iCLS\;C:\WINDOWS\system32;C:\WINDOWS;C:\WINDOWS\System32\Wbem;C:\WINDOWS\System32\WindowsPowerShell\v1.0\;C:\Program Files (x86)\Intel\Intel(R) Management Engine Components\DAL;C:\Program Files\Intel\Intel(R) Management Engine Components\DAL;C:\Program Files (x86)\Intel\Intel(R) Management Engine Components\IPT;C:\Program Files\Intel\Intel(R) Management Engine Components\IPT;C:\WINDOWS\System32\OpenSSH\;D:\maven file\apache-maven-3.6.0\bin;C:\Program Files\Microsoft SQL Server\Client SDK\ODBC\130\Tools\Binn\;C:\Program Files (x86)\Microsoft SQL Server\140\Tools\Binn\;C:\Program Files\Microsoft SQL Server\140\Tools\Binn\;C:\Program Files\Microsoft SQL Server\140\DTS\Binn\;C:\Program Files (x86)\Microsoft SQL Server\Client SDK\ODBC\130\Tools\Binn\;C:\Program Files (x86)\Microsoft SQL Server\140\DTS\Binn\;C:\Program Files (x86)\Microsoft SQL Server\140\Tools\Binn\ManagementStudio\;C:\Program Files\TortoiseSVN\bin;C:\Program Files\Docker\Docker\resources\bin;C:\ProgramData\DockerDesktop\version-bin;C:\Program Files\MongoDB\Server\4.2\bin;C:\Program Files\Git\cmd;C:\Program Files\Java\jdk1.8.0_251\bin;C:\Program Files\Java\jre1.8.0_181\bin;C:\Program Files\PuTTY\;C:\ProgramData\chocolatey\bin;C:\Program Files\nodejs\;C:\Users\ASUS\AppData\Local\Microsoft\WindowsApps;C:\Users\ASUS\AppData\Local\Programs\Fiddler;;C:\Program Files\Docker Toolbox;C:\Users\ASUS\AppData\Roaming\npm;D:\CMS COMPUTERS\SELENIUM\eclipse;;."/>
    <property name="java.vm.info" value="mixed mode"/>
    <property name="java.vendor" value="Oracle Corporation"/>
    <property name="java.vm.version" value="25.251-b08"/>
    <property name="java.ext.dirs" value="C:\Program Files\Java\jdk1.8.0_251\jre\lib\ext;C:\WINDOWS\Sun\Java\lib\ext"/>
    <property name="sun.io.unicode.encoding" value="UnicodeLittle"/>
    <property name="java.class.version" value="52.0"/>
  </properties>
  <testcase name="loginPageTitleTest" classname="com.crm.qa.testcases.LoginPageTest" time="0.238">
    <system-out><![CDATA[Before navigating to: 'https://ui.freecrm.com/'
Navigated to:'https://ui.freecrm.com/'
 INFO [main] (LoginPageTest.java:36)- Calling method validateLoginPageTitle() and storing in STRING title
title is Cogmento CRM
 INFO [main] (LoginPageTest.java:39)- After getting value in STRING title, now going to comapre using Assert
 INFO [main] (LoginPageTest.java:41)- Asserting finished
]]></system-out>
    <system-err><![CDATA[Nov 04, 2020 4:59:52 PM org.openqa.selenium.remote.ProtocolHandshake createSession
INFO: Detected dialect: OSS
]]></system-err>
  </testcase>
  <testcase name="loginFuctionalityTest" classname="com.crm.qa.testcases.LoginPageTest" time="3.017">
    <system-out><![CDATA[Before navigating to: 'https://ui.freecrm.com/'
Navigated to:'https://ui.freecrm.com/'
 INFO [main] (LoginPageTest.java:47)- Calling method loginFuctionalityTest() fuctionality checking for login
Trying to find Element By : By.name: email
Found Element By : By.name: email
Trying to find Element By : By.name: email
Found Element By : By.name: email
Trying to find Element By : By.name: password
Found Element By : By.name: password
Trying to find Element By : By.name: password
Found Element By : By.name: password
Trying to find Element By : By.xpath: //div[text()='Login']
Found Element By : By.xpath: //div[text()='Login']
Trying to find Element By : By.xpath: //div[text()='Login']
Found Element By : By.xpath: //div[text()='Login']
Trying to click on: [[RemoteWebDriver: chrome on WINDOWS (43cab8bbf70fee3634021f31590746c44b2d6efb)] -> xpath: //div[text()='Login']]
Clicked on: [[RemoteWebDriver: chrome on WINDOWS (43cab8bbf70fee3634021f31590746c44b2d6efb)] -> xpath: //div[text()='Login']]
 INFO [main] (LoginPageTest.java:49)- Fininshed checking functionality
]]></system-out>
    <system-err><![CDATA[Nov 04, 2020 5:00:08 PM org.openqa.selenium.remote.ProtocolHandshake createSession
INFO: Detected dialect: OSS
]]></system-err>
  </testcase>
  <testcase name="verifyHomePageTitleTest" classname="com.crm.qa.testcases.HomePageTest" time="0.219">
    <failure message="Home page title not matched expected [Cogmento 1CRM] but found [Cogmento CRM]" type="java.lang.AssertionError"><![CDATA[java.lang.AssertionError: Home page title not matched expected [Cogmento 1CRM] but found [Cogmento CRM]
	at com.crm.qa.testcases.HomePageTest.verifyHomePageTitleTest(HomePageTest.java:46)
]]></failure>
    <system-out><![CDATA[Before navigating to: 'https://ui.freecrm.com/'
Navigated to:'https://ui.freecrm.com/'
Trying to find Element By : By.name: email
Found Element By : By.name: email
Trying to find Element By : By.name: email
Found Element By : By.name: email
Trying to find Element By : By.name: password
Found Element By : By.name: password
Trying to find Element By : By.name: password
Found Element By : By.name: password
Trying to find Element By : By.xpath: //div[text()='Login']
Found Element By : By.xpath: //div[text()='Login']
Trying to find Element By : By.xpath: //div[text()='Login']
Found Element By : By.xpath: //div[text()='Login']
Trying to click on: [[RemoteWebDriver: chrome on WINDOWS (532cec4604f60c485a75e9bdcce7393b47dbf2eb)] -> xpath: //div[text()='Login']]
Clicked on: [[RemoteWebDriver: chrome on WINDOWS (532cec4604f60c485a75e9bdcce7393b47dbf2eb)] -> xpath: //div[text()='Login']]
 INFO [main] (HomePageTest.java:43)- Inside verifyHomePageTitleTest
 INFO [main] (HomePageTest.java:45)- Inside verifyHomePageTitleTest - HomePage Title Value Stored to String and Next step Asserting Starts...
]]></system-out>
    <system-err><![CDATA[Nov 04, 2020 5:00:26 PM org.openqa.selenium.remote.ProtocolHandshake createSession
INFO: Detected dialect: OSS
]]></system-err>
  </testcase>
  <testcase name="verifyUsernameDisplayedTest" classname="com.crm.qa.testcases.HomePageTest" time="1.2">
    <system-out><![CDATA[Before navigating to: 'https://ui.freecrm.com/'
Navigated to:'https://ui.freecrm.com/'
Trying to find Element By : By.name: email
Found Element By : By.name: email
Trying to find Element By : By.name: email
Found Element By : By.name: email
Trying to find Element By : By.name: password
Found Element By : By.name: password
Trying to find Element By : By.name: password
Found Element By : By.name: password
Trying to find Element By : By.xpath: //div[text()='Login']
Found Element By : By.xpath: //div[text()='Login']
Trying to find Element By : By.xpath: //div[text()='Login']
Found Element By : By.xpath: //div[text()='Login']
Trying to click on: [[RemoteWebDriver: chrome on WINDOWS (a01f82743a2ee34af5b44ed3b130939449eafc52)] -> xpath: //div[text()='Login']]
Clicked on: [[RemoteWebDriver: chrome on WINDOWS (a01f82743a2ee34af5b44ed3b130939449eafc52)] -> xpath: //div[text()='Login']]
 INFO [main] (HomePageTest.java:52)- Inside verifyUsernameDisplayedTest - Asserting Starts...
Trying to find Element By : By.xpath: //span[@class='user-display']
Found Element By : By.xpath: //span[@class='user-display']
 INFO [main] (HomePageTest.java:54)- Inside verifyUsernameDisplayedTest - Assert Finished
]]></system-out>
    <system-err><![CDATA[Nov 04, 2020 5:00:41 PM org.openqa.selenium.remote.ProtocolHandshake createSession
INFO: Detected dialect: OSS
]]></system-err>
  </testcase>
  <testcase name="verifyuserEmailDisplayedTest" classname="com.crm.qa.testcases.HomePageTest" time="1.919">
    <system-out><![CDATA[Before navigating to: 'https://ui.freecrm.com/'
Navigated to:'https://ui.freecrm.com/'
Trying to find Element By : By.name: email
Found Element By : By.name: email
Trying to find Element By : By.name: email
Found Element By : By.name: email
Trying to find Element By : By.name: password
Found Element By : By.name: password
Trying to find Element By : By.name: password
Found Element By : By.name: password
Trying to find Element By : By.xpath: //div[text()='Login']
Found Element By : By.xpath: //div[text()='Login']
Trying to find Element By : By.xpath: //div[text()='Login']
Found Element By : By.xpath: //div[text()='Login']
Trying to click on: [[RemoteWebDriver: chrome on WINDOWS (923a753711f57834e75999b701c4e76060544792)] -> xpath: //div[text()='Login']]
Clicked on: [[RemoteWebDriver: chrome on WINDOWS (923a753711f57834e75999b701c4e76060544792)] -> xpath: //div[text()='Login']]
 INFO [main] (HomePageTest.java:60)- Inside verifyuserEmailDisplayedTest - Asserting Starts...
Trying to find Element By : By.xpath: //span[text()='Calendar']
Found Element By : By.xpath: //span[text()='Calendar']
Trying to click on: [[RemoteWebDriver: chrome on WINDOWS (923a753711f57834e75999b701c4e76060544792)] -> xpath: //span[text()='Calendar']]
Clicked on: [[RemoteWebDriver: chrome on WINDOWS (923a753711f57834e75999b701c4e76060544792)] -> xpath: //span[text()='Calendar']]
Trying to find Element By : By.xpath: //label[contains(text(),'sonutitus12@gmail.com')]
Found Element By : By.xpath: //label[contains(text(),'sonutitus12@gmail.com')]
 INFO [main] (HomePageTest.java:62)- Inside verifyuserEmailDisplayedTest - Assert Finished
]]></system-out>
    <system-err><![CDATA[Nov 04, 2020 5:00:57 PM org.openqa.selenium.remote.ProtocolHandshake createSession
INFO: Detected dialect: OSS
]]></system-err>
  </testcase>
</testsuite>