<?xml version="1.0" encoding="UTF-8"?>
<!-- Generated by org.testng.reporters.JUnitReportReporter -->
<testsuite hostname="LAPTOP-GEAVMM5J" name="com.crm.qa.testcases.LoginPageTest" tests="2" failures="0" timestamp="28 Oct 2020 08:55:46 GMT" time="20.551" errors="0">
  <testcase name="loginPageTitleTest" time="8.922" classname="com.crm.qa.testcases.LoginPageTest"/>
  <testcase name="loginFuctionalityTest" time="11.629" classname="com.crm.qa.testcases.LoginPageTest"/>
</testsuite> <!-- com.crm.qa.testcases.LoginPageTest -->
