<?xml version="1.0" encoding="UTF-8"?>
<!-- Generated by org.testng.reporters.JUnitReportReporter -->
<testsuite hostname="LAPTOP-GEAVMM5J" name="com.crm.qa.testcases.LoginPageTest" tests="2" failures="0" timestamp="28 Oct 2020 09:34:17 GMT" time="20.910" errors="0">
  <testcase name="loginPageTitleTest" time="10.906" classname="com.crm.qa.testcases.LoginPageTest"/>
  <testcase name="loginFuctionalityTest" time="10.004" classname="com.crm.qa.testcases.LoginPageTest"/>
</testsuite> <!-- com.crm.qa.testcases.LoginPageTest -->
