<?xml version="1.0" encoding="UTF-8"?>
<!-- Generated by org.testng.reporters.JUnitReportReporter -->
<testsuite hostname="LAPTOP-GEAVMM5J" name="com.crm.qa.testcases.LoginPageTest" tests="2" failures="0" timestamp="4 Nov 2020 11:31:08 GMT" time="35.113" errors="0">
  <testcase name="loginFuctionalityTest" time="18.608" classname="com.crm.qa.testcases.LoginPageTest"/>
  <testcase name="loginPageTitleTest" time="16.505" classname="com.crm.qa.testcases.LoginPageTest"/>
</testsuite> <!-- com.crm.qa.testcases.LoginPageTest -->
